This file contains any messages produced by compilers while
running configure, to aid debugging if configure makes a mistake.

It was created by RtMidi configure 3.0.0, which was
generated by GNU Autoconf 2.69.  Invocation command line was

  $ ./configure --enable-maintainer-mode --enable-debug --disable-silent-rules

## --------- ##
## Platform. ##
## --------- ##

hostname = Spn
uname -m = armv7l
uname -r = 4.4.21-v7+
uname -s = Linux
uname -v = #911 SMP Thu Sep 15 14:22:38 BST 2016

/usr/bin/uname -p = unknown
/bin/uname -X     = unknown

/bin/arch              = unknown
/usr/bin/arch -k       = unknown
/usr/convex/getsysinfo = unknown
/usr/bin/hostinfo      = unknown
/bin/machine           = unknown
/usr/bin/oslevel       = unknown
/bin/universe          = unknown

PATH: /usr/local/sbin
PATH: /usr/local/bin
PATH: /usr/sbin
PATH: /usr/bin
PATH: /sbin
PATH: /bin
PATH: /usr/local/games
PATH: /usr/games


## ----------- ##
## Core tests. ##
## ----------- ##

configure:2419: checking for a BSD-compatible install
configure:2487: result: /usr/bin/install -c
configure:2498: checking whether build environment is sane
configure:2553: result: yes
configure:2704: checking for a thread-safe mkdir -p
configure:2743: result: /bin/mkdir -p
configure:2750: checking for gawk
configure:2780: result: no
configure:2750: checking for mawk
configure:2766: found /usr/bin/mawk
configure:2777: result: mawk
configure:2788: checking whether make sets $(MAKE)
configure:2810: result: yes
configure:2839: checking whether make supports nested variables
configure:2856: result: yes
configure:3007: checking that version numbers are coherent
configure:3021: checking for style of include used by make
configure:3049: result: GNU
configure:3120: checking for gcc
configure:3136: found /usr/bin/gcc
configure:3147: result: gcc
configure:3376: checking for C compiler version
configure:3385: gcc --version >&5
gcc (Raspbian 4.9.2-10) 4.9.2
Copyright (C) 2014 Free Software Foundation, Inc.
This is free software; see the source for copying conditions.  There is NO
warranty; not even for MERCHANTABILITY or FITNESS FOR A PARTICULAR PURPOSE.

configure:3396: $? = 0
configure:3385: gcc -v >&5
Using built-in specs.
COLLECT_GCC=gcc
COLLECT_LTO_WRAPPER=/usr/lib/gcc/arm-linux-gnueabihf/4.9/lto-wrapper
Target: arm-linux-gnueabihf
Configured with: ../src/configure -v --with-pkgversion='Raspbian 4.9.2-10' --with-bugurl=file:///usr/share/doc/gcc-4.9/README.Bugs --enable-languages=c,c++,java,go,d,fortran,objc,obj-c++ --prefix=/usr --program-suffix=-4.9 --enable-shared --enable-linker-build-id --libexecdir=/usr/lib --without-included-gettext --enable-threads=posix --with-gxx-include-dir=/usr/include/c++/4.9 --libdir=/usr/lib --enable-nls --with-sysroot=/ --enable-clocale=gnu --enable-libstdcxx-debug --enable-libstdcxx-time=yes --enable-gnu-unique-object --disable-libitm --disable-libquadmath --enable-plugin --with-system-zlib --disable-browser-plugin --enable-java-awt=gtk --enable-gtk-cairo --with-java-home=/usr/lib/jvm/java-1.5.0-gcj-4.9-armhf/jre --enable-java-home --with-jvm-root-dir=/usr/lib/jvm/java-1.5.0-gcj-4.9-armhf --with-jvm-jar-dir=/usr/lib/jvm-exports/java-1.5.0-gcj-4.9-armhf --with-arch-directory=arm --with-ecj-jar=/usr/share/java/eclipse-ecj.jar --enable-objc-gc --enable-multiarch --disable-sjlj-exceptions --with-arch=armv6 --with-fpu=vfp --with-float=hard --enable-checking=release --build=arm-linux-gnueabihf --host=arm-linux-gnueabihf --target=arm-linux-gnueabihf
Thread model: posix
gcc version 4.9.2 (Raspbian 4.9.2-10) 
configure:3396: $? = 0
configure:3385: gcc -V >&5
gcc: error: unrecognized command line option '-V'
gcc: fatal error: no input files
compilation terminated.
configure:3396: $? = 4
configure:3385: gcc -qversion >&5
gcc: error: unrecognized command line option '-qversion'
gcc: fatal error: no input files
compilation terminated.
configure:3396: $? = 4
configure:3416: checking whether the C compiler works
configure:3438: gcc    conftest.c  >&5
configure:3442: $? = 0
configure:3490: result: yes
configure:3493: checking for C compiler default output file name
configure:3495: result: a.out
configure:3501: checking for suffix of executables
configure:3508: gcc -o conftest    conftest.c  >&5
configure:3512: $? = 0
configure:3534: result: 
configure:3556: checking whether we are cross compiling
configure:3564: gcc -o conftest    conftest.c  >&5
configure:3568: $? = 0
configure:3575: ./conftest
configure:3579: $? = 0
configure:3594: result: no
configure:3599: checking for suffix of object files
configure:3621: gcc -c   conftest.c >&5
configure:3625: $? = 0
configure:3646: result: o
configure:3650: checking whether we are using the GNU C compiler
configure:3669: gcc -c   conftest.c >&5
configure:3669: $? = 0
configure:3678: result: yes
configure:3687: checking whether gcc accepts -g
configure:3707: gcc -c -g  conftest.c >&5
configure:3707: $? = 0
configure:3748: result: yes
configure:3765: checking for gcc option to accept ISO C89
configure:3828: gcc  -c -g -O2  conftest.c >&5
configure:3828: $? = 0
configure:3841: result: none needed
configure:3866: checking whether gcc understands -c and -o together
configure:3888: gcc -c conftest.c -o conftest2.o
configure:3891: $? = 0
configure:3888: gcc -c conftest.c -o conftest2.o
configure:3891: $? = 0
configure:3903: result: yes
configure:3922: checking dependency style of gcc
configure:4033: result: gcc3
configure:4067: gcc -o conftest -g -O2   conftest.c  >&5
configure:4067: $? = 0
configure:4067: ./conftest
configure:4067: $? = 0
configure:4068: result: yes
configure:4083: checking whether to enable maintainer-specific portions of Makefiles
configure:4092: result: yes
configure:4116: checking whether make supports nested variables
configure:4133: result: yes
configure:4209: checking for g++
configure:4225: found /usr/bin/g++
configure:4236: result: g++
configure:4263: checking for C++ compiler version
configure:4272: g++ --version >&5
g++ (Raspbian 4.9.2-10) 4.9.2
Copyright (C) 2014 Free Software Foundation, Inc.
This is free software; see the source for copying conditions.  There is NO
warranty; not even for MERCHANTABILITY or FITNESS FOR A PARTICULAR PURPOSE.

configure:4283: $? = 0
configure:4272: g++ -v >&5
Using built-in specs.
COLLECT_GCC=g++
COLLECT_LTO_WRAPPER=/usr/lib/gcc/arm-linux-gnueabihf/4.9/lto-wrapper
Target: arm-linux-gnueabihf
Configured with: ../src/configure -v --with-pkgversion='Raspbian 4.9.2-10' --with-bugurl=file:///usr/share/doc/gcc-4.9/README.Bugs --enable-languages=c,c++,java,go,d,fortran,objc,obj-c++ --prefix=/usr --program-suffix=-4.9 --enable-shared --enable-linker-build-id --libexecdir=/usr/lib --without-included-gettext --enable-threads=posix --with-gxx-include-dir=/usr/include/c++/4.9 --libdir=/usr/lib --enable-nls --with-sysroot=/ --enable-clocale=gnu --enable-libstdcxx-debug --enable-libstdcxx-time=yes --enable-gnu-unique-object --disable-libitm --disable-libquadmath --enable-plugin --with-system-zlib --disable-browser-plugin --enable-java-awt=gtk --enable-gtk-cairo --with-java-home=/usr/lib/jvm/java-1.5.0-gcj-4.9-armhf/jre --enable-java-home --with-jvm-root-dir=/usr/lib/jvm/java-1.5.0-gcj-4.9-armhf --with-jvm-jar-dir=/usr/lib/jvm-exports/java-1.5.0-gcj-4.9-armhf --with-arch-directory=arm --with-ecj-jar=/usr/share/java/eclipse-ecj.jar --enable-objc-gc --enable-multiarch --disable-sjlj-exceptions --with-arch=armv6 --with-fpu=vfp --with-float=hard --enable-checking=release --build=arm-linux-gnueabihf --host=arm-linux-gnueabihf --target=arm-linux-gnueabihf
Thread model: posix
gcc version 4.9.2 (Raspbian 4.9.2-10) 
configure:4283: $? = 0
configure:4272: g++ -V >&5
g++: error: unrecognized command line option '-V'
g++: fatal error: no input files
compilation terminated.
configure:4283: $? = 4
configure:4272: g++ -qversion >&5
g++: error: unrecognized command line option '-qversion'
g++: fatal error: no input files
compilation terminated.
configure:4283: $? = 4
configure:4287: checking whether we are using the GNU C++ compiler
configure:4306: g++ -c   conftest.cpp >&5
configure:4306: $? = 0
configure:4315: result: yes
configure:4324: checking whether g++ accepts -g
configure:4344: g++ -c -g  conftest.cpp >&5
configure:4344: $? = 0
configure:4385: result: yes
configure:4410: checking dependency style of g++
configure:4521: result: gcc3
configure:4585: checking for ar
configure:4601: found /usr/bin/ar
configure:4612: result: ar
configure:4638: checking the archiver (ar) interface
configure:4654: gcc -c -g -O2  conftest.c >&5
configure:4654: $? = 0
configure:4656: ar cru libconftest.a conftest.o >&5
configure:4659: $? = 0
configure:4687: result: ar
configure:4709: checking for ar
configure:4727: found /usr/bin/ar
configure:4740: result: /usr/bin/ar
configure:4754: WARNING: Libtool does not cope well with whitespace in `pwd`
configure:4781: checking build system type
configure:4795: result: armv7l-unknown-linux-gnueabihf
configure:4815: checking host system type
configure:4828: result: armv7l-unknown-linux-gnueabihf
configure:4869: checking how to print strings
configure:4896: result: printf
configure:4917: checking for a sed that does not truncate output
configure:4981: result: /bin/sed
configure:4999: checking for grep that handles long lines and -e
configure:5057: result: /bin/grep
configure:5062: checking for egrep
configure:5124: result: /bin/grep -E
configure:5129: checking for fgrep
configure:5191: result: /bin/grep -F
configure:5226: checking for ld used by gcc
configure:5293: result: /usr/bin/ld
configure:5300: checking if the linker (/usr/bin/ld) is GNU ld
configure:5315: result: yes
configure:5327: checking for BSD- or MS-compatible name lister (nm)
configure:5376: result: /usr/bin/nm -B
configure:5506: checking the name lister (/usr/bin/nm -B) interface
configure:5513: gcc -c -g -O2  conftest.c >&5
configure:5516: /usr/bin/nm -B "conftest.o"
configure:5519: output
00000000 B some_variable
configure:5526: result: BSD nm
configure:5529: checking whether ln -s works
configure:5533: result: yes
configure:5541: checking the maximum length of command line arguments
configure:5672: result: 1572864
configure:5689: checking whether the shell understands some XSI constructs
configure:5699: result: yes
configure:5703: checking whether the shell understands "+="
configure:5709: result: yes
configure:5744: checking how to convert armv7l-unknown-linux-gnueabihf file names to armv7l-unknown-linux-gnueabihf format
configure:5784: result: func_convert_file_noop
configure:5791: checking how to convert armv7l-unknown-linux-gnueabihf file names to toolchain format
configure:5811: result: func_convert_file_noop
configure:5818: checking for /usr/bin/ld option to reload object files
configure:5825: result: -r
configure:5899: checking for objdump
configure:5915: found /usr/bin/objdump
configure:5926: result: objdump
configure:5955: checking how to recognize dependent libraries
configure:6153: result: pass_all
configure:6238: checking for dlltool
configure:6268: result: no
configure:6295: checking how to associate runtime and link libraries
configure:6322: result: printf %s\n
configure:6446: checking for archiver @FILE support
configure:6463: gcc -c -g -O2  conftest.c >&5
configure:6463: $? = 0
configure:6466: /usr/bin/ar cru libconftest.a @conftest.lst >&5
configure:6469: $? = 0
configure:6474: /usr/bin/ar cru libconftest.a @conftest.lst >&5
/usr/bin/ar: conftest.o: No such file or directory
configure:6477: $? = 1
configure:6489: result: @
configure:6547: checking for strip
configure:6563: found /usr/bin/strip
configure:6574: result: strip
configure:6646: checking for ranlib
configure:6662: found /usr/bin/ranlib
configure:6673: result: ranlib
configure:6775: checking command to parse /usr/bin/nm -B output from gcc object
configure:6895: gcc -c -g -O2  conftest.c >&5
configure:6898: $? = 0
configure:6902: /usr/bin/nm -B conftest.o \| sed -n -e 's/^.*[ ]\([ABCDGIRSTW][ABCDGIRSTW]*\)[ ][ ]*\([_A-Za-z][_A-Za-z0-9]*\)$/\1 \2 \2/p' | sed '/ __gnu_lto/d' \> conftest.nm
configure:6905: $? = 0
configure:6971: gcc -o conftest -g -O2   conftest.c conftstm.o >&5
configure:6974: $? = 0
configure:7012: result: ok
configure:7049: checking for sysroot
configure:7079: result: no
configure:7348: checking for mt
configure:7364: found /bin/mt
configure:7375: result: mt
configure:7398: checking if mt is a manifest tool
configure:7404: mt '-?'
configure:7412: result: no
configure:8054: checking how to run the C preprocessor
configure:8085: gcc -E  conftest.c
configure:8085: $? = 0
configure:8099: gcc -E  conftest.c
conftest.c:11:28: fatal error: ac_nonexistent.h: No such file or directory
 #include <ac_nonexistent.h>
                            ^
compilation terminated.
configure:8099: $? = 1
configure: failed program was:
| /* confdefs.h */
| #define PACKAGE_NAME "RtMidi"
| #define PACKAGE_TARNAME "rtmidi"
| #define PACKAGE_VERSION "3.0.0"
| #define PACKAGE_STRING "RtMidi 3.0.0"
| #define PACKAGE_BUGREPORT "gary@music.mcgill.ca"
| #define PACKAGE_URL ""
| #define PACKAGE "rtmidi"
| #define VERSION "3.0.0"
| /* end confdefs.h.  */
| #include <ac_nonexistent.h>
configure:8124: result: gcc -E
configure:8144: gcc -E  conftest.c
configure:8144: $? = 0
configure:8158: gcc -E  conftest.c
conftest.c:11:28: fatal error: ac_nonexistent.h: No such file or directory
 #include <ac_nonexistent.h>
                            ^
compilation terminated.
configure:8158: $? = 1
configure: failed program was:
| /* confdefs.h */
| #define PACKAGE_NAME "RtMidi"
| #define PACKAGE_TARNAME "rtmidi"
| #define PACKAGE_VERSION "3.0.0"
| #define PACKAGE_STRING "RtMidi 3.0.0"
| #define PACKAGE_BUGREPORT "gary@music.mcgill.ca"
| #define PACKAGE_URL ""
| #define PACKAGE "rtmidi"
| #define VERSION "3.0.0"
| /* end confdefs.h.  */
| #include <ac_nonexistent.h>
configure:8187: checking for ANSI C header files
configure:8207: gcc -c -g -O2  conftest.c >&5
configure:8207: $? = 0
configure:8280: gcc -o conftest -g -O2   conftest.c  >&5
configure:8280: $? = 0
configure:8280: ./conftest
configure:8280: $? = 0
configure:8291: result: yes
configure:8304: checking for sys/types.h
configure:8304: gcc -c -g -O2  conftest.c >&5
configure:8304: $? = 0
configure:8304: result: yes
configure:8304: checking for sys/stat.h
configure:8304: gcc -c -g -O2  conftest.c >&5
configure:8304: $? = 0
configure:8304: result: yes
configure:8304: checking for stdlib.h
configure:8304: gcc -c -g -O2  conftest.c >&5
configure:8304: $? = 0
configure:8304: result: yes
configure:8304: checking for string.h
configure:8304: gcc -c -g -O2  conftest.c >&5
configure:8304: $? = 0
configure:8304: result: yes
configure:8304: checking for memory.h
configure:8304: gcc -c -g -O2  conftest.c >&5
configure:8304: $? = 0
configure:8304: result: yes
configure:8304: checking for strings.h
configure:8304: gcc -c -g -O2  conftest.c >&5
configure:8304: $? = 0
configure:8304: result: yes
configure:8304: checking for inttypes.h
configure:8304: gcc -c -g -O2  conftest.c >&5
configure:8304: $? = 0
configure:8304: result: yes
configure:8304: checking for stdint.h
configure:8304: gcc -c -g -O2  conftest.c >&5
configure:8304: $? = 0
configure:8304: result: yes
configure:8304: checking for unistd.h
configure:8304: gcc -c -g -O2  conftest.c >&5
configure:8304: $? = 0
configure:8304: result: yes
configure:8318: checking for dlfcn.h
configure:8318: gcc -c -g -O2  conftest.c >&5
configure:8318: $? = 0
configure:8318: result: yes
configure:8833: checking for objdir
configure:8848: result: .libs
configure:9119: checking if gcc supports -fno-rtti -fno-exceptions
configure:9137: gcc -c -g -O2  -fno-rtti -fno-exceptions conftest.c >&5
cc1: warning: command line option '-fno-rtti' is valid for C++/ObjC++ but not for C
configure:9141: $? = 0
configure:9154: result: no
configure:9481: checking for gcc option to produce PIC
configure:9488: result: -fPIC -DPIC
configure:9496: checking if gcc PIC flag -fPIC -DPIC works
configure:9514: gcc -c -g -O2  -fPIC -DPIC -DPIC conftest.c >&5
configure:9518: $? = 0
configure:9531: result: yes
configure:9560: checking if gcc static flag -static works
configure:9588: result: yes
configure:9603: checking if gcc supports -c -o file.o
configure:9624: gcc -c -g -O2  -o out/conftest2.o conftest.c >&5
configure:9628: $? = 0
configure:9650: result: yes
configure:9658: checking if gcc supports -c -o file.o
configure:9705: result: yes
configure:9738: checking whether the gcc linker (/usr/bin/ld) supports shared libraries
configure:10895: result: yes
configure:10932: checking whether -lc should be explicitly linked in
configure:10940: gcc -c -g -O2  conftest.c >&5
configure:10943: $? = 0
configure:10958: gcc -shared  -fPIC -DPIC conftest.o  -v -Wl,-soname -Wl,conftest -o conftest 2\>\&1 \| /bin/grep  -lc  \>/dev/null 2\>\&1
configure:10961: $? = 0
configure:10975: result: no
configure:11135: checking dynamic linker characteristics
configure:11635: gcc -o conftest -g -O2   -Wl,-rpath -Wl,/foo conftest.c  >&5
configure:11635: $? = 0
configure:11869: result: GNU/Linux ld.so
configure:11976: checking how to hardcode library paths into programs
configure:12001: result: immediate
configure:12541: checking whether stripping libraries is possible
configure:12546: result: yes
configure:12581: checking if libtool supports shared libraries
configure:12583: result: yes
configure:12586: checking whether to build shared libraries
configure:12607: result: yes
configure:12610: checking whether to build static libraries
configure:12614: result: yes
configure:12637: checking how to run the C++ preprocessor
configure:12664: g++ -E  conftest.cpp
configure:12664: $? = 0
configure:12678: g++ -E  conftest.cpp
conftest.cpp:23:28: fatal error: ac_nonexistent.h: No such file or directory
 #include <ac_nonexistent.h>
                            ^
compilation terminated.
configure:12678: $? = 1
configure: failed program was:
| /* confdefs.h */
| #define PACKAGE_NAME "RtMidi"
| #define PACKAGE_TARNAME "rtmidi"
| #define PACKAGE_VERSION "3.0.0"
| #define PACKAGE_STRING "RtMidi 3.0.0"
| #define PACKAGE_BUGREPORT "gary@music.mcgill.ca"
| #define PACKAGE_URL ""
| #define PACKAGE "rtmidi"
| #define VERSION "3.0.0"
| #define STDC_HEADERS 1
| #define HAVE_SYS_TYPES_H 1
| #define HAVE_SYS_STAT_H 1
| #define HAVE_STDLIB_H 1
| #define HAVE_STRING_H 1
| #define HAVE_MEMORY_H 1
| #define HAVE_STRINGS_H 1
| #define HAVE_INTTYPES_H 1
| #define HAVE_STDINT_H 1
| #define HAVE_UNISTD_H 1
| #define HAVE_DLFCN_H 1
| #define LT_OBJDIR ".libs/"
| /* end confdefs.h.  */
| #include <ac_nonexistent.h>
configure:12703: result: g++ -E
configure:12723: g++ -E  conftest.cpp
configure:12723: $? = 0
configure:12737: g++ -E  conftest.cpp
conftest.cpp:23:28: fatal error: ac_nonexistent.h: No such file or directory
 #include <ac_nonexistent.h>
                            ^
compilation terminated.
configure:12737: $? = 1
configure: failed program was:
| /* confdefs.h */
| #define PACKAGE_NAME "RtMidi"
| #define PACKAGE_TARNAME "rtmidi"
| #define PACKAGE_VERSION "3.0.0"
| #define PACKAGE_STRING "RtMidi 3.0.0"
| #define PACKAGE_BUGREPORT "gary@music.mcgill.ca"
| #define PACKAGE_URL ""
| #define PACKAGE "rtmidi"
| #define VERSION "3.0.0"
| #define STDC_HEADERS 1
| #define HAVE_SYS_TYPES_H 1
| #define HAVE_SYS_STAT_H 1
| #define HAVE_STDLIB_H 1
| #define HAVE_STRING_H 1
| #define HAVE_MEMORY_H 1
| #define HAVE_STRINGS_H 1
| #define HAVE_INTTYPES_H 1
| #define HAVE_STDINT_H 1
| #define HAVE_UNISTD_H 1
| #define HAVE_DLFCN_H 1
| #define LT_OBJDIR ".libs/"
| /* end confdefs.h.  */
| #include <ac_nonexistent.h>
configure:12906: checking for ld used by g++
configure:12973: result: /usr/bin/ld
configure:12980: checking if the linker (/usr/bin/ld) is GNU ld
configure:12995: result: yes
configure:13050: checking whether the g++ linker (/usr/bin/ld) supports shared libraries
configure:14052: result: yes
configure:14088: g++ -c -g -O2  conftest.cpp >&5
configure:14091: $? = 0
configure:14611: checking for g++ option to produce PIC
configure:14618: result: -fPIC -DPIC
configure:14626: checking if g++ PIC flag -fPIC -DPIC works
configure:14644: g++ -c -g -O2  -fPIC -DPIC -DPIC conftest.cpp >&5
configure:14648: $? = 0
configure:14661: result: yes
configure:14684: checking if g++ static flag -static works
configure:14712: result: yes
configure:14724: checking if g++ supports -c -o file.o
configure:14745: g++ -c -g -O2  -o out/conftest2.o conftest.cpp >&5
configure:14749: $? = 0
configure:14771: result: yes
configure:14776: checking if g++ supports -c -o file.o
configure:14823: result: yes
configure:14853: checking whether the g++ linker (/usr/bin/ld) supports shared libraries
configure:14892: result: yes
configure:15033: checking dynamic linker characteristics
configure:15701: result: GNU/Linux ld.so
configure:15754: checking how to hardcode library paths into programs
configure:15779: result: immediate
configure:15843: checking for ANSI C header files
configure:15947: result: yes
configure:15958: checking semaphore.h usability
configure:15958: gcc -c -g -O2  conftest.c >&5
configure:15958: $? = 0
configure:15958: result: yes
configure:15958: checking semaphore.h presence
configure:15958: gcc -E  conftest.c
configure:15958: $? = 0
configure:15958: result: yes
configure:15958: checking for semaphore.h
configure:15958: result: yes
configure:15961: checking for sem_init in -lpthread
configure:15986: gcc -o conftest -g -O2   conftest.c -lpthread   >&5
configure:15986: $? = 0
configure:15995: result: yes
configure:16012: checking whether to compile debug version
configure:16019: result: yes
configure:16054: checking for doxygen
configure:16084: result: no
configure:16117: checking for MIDI API
configure:16245: result: using ALSA
configure:16250: checking for snd_seq_open in -lasound
configure:16275: gcc -o conftest -g -O2  -D__RTMIDI_DEBUG__  conftest.c -lasound   >&5
/usr/bin/ld: cannot find -lasound
collect2: error: ld returned 1 exit status
configure:16275: $? = 1
configure: failed program was:
| /* confdefs.h */
| #define PACKAGE_NAME "RtMidi"
| #define PACKAGE_TARNAME "rtmidi"
| #define PACKAGE_VERSION "3.0.0"
| #define PACKAGE_STRING "RtMidi 3.0.0"
| #define PACKAGE_BUGREPORT "gary@music.mcgill.ca"
| #define PACKAGE_URL ""
| #define PACKAGE "rtmidi"
| #define VERSION "3.0.0"
| #define STDC_HEADERS 1
| #define HAVE_SYS_TYPES_H 1
| #define HAVE_SYS_STAT_H 1
| #define HAVE_STDLIB_H 1
| #define HAVE_STRING_H 1
| #define HAVE_MEMORY_H 1
| #define HAVE_STRINGS_H 1
| #define HAVE_INTTYPES_H 1
| #define HAVE_STDINT_H 1
| #define HAVE_UNISTD_H 1
| #define HAVE_DLFCN_H 1
| #define LT_OBJDIR ".libs/"
| #define STDC_HEADERS 1
| #define HAVE_SEMAPHORE 1
| /* end confdefs.h.  */
| 
| /* Override any GCC internal prototype to avoid an error.
|    Use char because int might match the return type of a GCC
|    builtin and then its argument prototype would still apply.  */
| #ifdef __cplusplus
| extern "C"
| #endif
| char snd_seq_open ();
| int
| main ()
| {
| return snd_seq_open ();
|   ;
|   return 0;
| }
configure:16284: result: no
configure:16294: error: ALSA sequencer support requires the asound library!

## ---------------- ##
## Cache variables. ##
## ---------------- ##

ac_cv_build=armv7l-unknown-linux-gnueabihf
ac_cv_c_compiler_gnu=yes
ac_cv_cxx_compiler_gnu=yes
ac_cv_env_CCC_set=
ac_cv_env_CCC_value=
ac_cv_env_CC_set=
ac_cv_env_CC_value=
ac_cv_env_CFLAGS_set=
ac_cv_env_CFLAGS_value=
ac_cv_env_CPPFLAGS_set=
ac_cv_env_CPPFLAGS_value=
ac_cv_env_CPP_set=
ac_cv_env_CPP_value=
ac_cv_env_CXXCPP_set=
ac_cv_env_CXXCPP_value=
ac_cv_env_CXXFLAGS_set=
ac_cv_env_CXXFLAGS_value=
ac_cv_env_CXX_set=
ac_cv_env_CXX_value=
ac_cv_env_LDFLAGS_set=
ac_cv_env_LDFLAGS_value=
ac_cv_env_LIBS_set=
ac_cv_env_LIBS_value=
ac_cv_env_build_alias_set=
ac_cv_env_build_alias_value=
ac_cv_env_host_alias_set=
ac_cv_env_host_alias_value=
ac_cv_env_target_alias_set=
ac_cv_env_target_alias_value=
ac_cv_header_dlfcn_h=yes
ac_cv_header_inttypes_h=yes
ac_cv_header_memory_h=yes
ac_cv_header_semaphore_h=yes
ac_cv_header_stdc=yes
ac_cv_header_stdint_h=yes
ac_cv_header_stdlib_h=yes
ac_cv_header_string_h=yes
ac_cv_header_strings_h=yes
ac_cv_header_sys_stat_h=yes
ac_cv_header_sys_types_h=yes
ac_cv_header_unistd_h=yes
ac_cv_host=armv7l-unknown-linux-gnueabihf
ac_cv_lib_asound_snd_seq_open=no
ac_cv_lib_pthread_sem_init=yes
ac_cv_objext=o
ac_cv_path_AR=/usr/bin/ar
ac_cv_path_EGREP='/bin/grep -E'
ac_cv_path_FGREP='/bin/grep -F'
ac_cv_path_GREP=/bin/grep
ac_cv_path_SED=/bin/sed
ac_cv_path_install='/usr/bin/install -c'
ac_cv_path_mkdir=/bin/mkdir
ac_cv_prog_AWK=mawk
ac_cv_prog_CPP='gcc -E'
ac_cv_prog_CXXCPP='g++ -E'
ac_cv_prog_ac_ct_AR=ar
ac_cv_prog_ac_ct_CC=gcc
ac_cv_prog_ac_ct_CXX=g++
ac_cv_prog_ac_ct_MANIFEST_TOOL=mt
ac_cv_prog_ac_ct_OBJDUMP=objdump
ac_cv_prog_ac_ct_RANLIB=ranlib
ac_cv_prog_ac_ct_STRIP=strip
ac_cv_prog_cc_c89=
ac_cv_prog_cc_g=yes
ac_cv_prog_cxx_g=yes
ac_cv_prog_make_make_set=yes
am_cv_CC_dependencies_compiler_type=gcc3
am_cv_CXX_dependencies_compiler_type=gcc3
am_cv_ar_interface=ar
am_cv_make_support_nested_variables=yes
am_cv_prog_cc_c_o=yes
lt_cv_ar_at_file=@
lt_cv_archive_cmds_need_lc=no
lt_cv_deplibs_check_method=pass_all
lt_cv_file_magic_cmd='$MAGIC_CMD'
lt_cv_file_magic_test_file=
lt_cv_ld_reload_flag=-r
lt_cv_nm_interface='BSD nm'
lt_cv_objdir=.libs
lt_cv_path_LD=/usr/bin/ld
lt_cv_path_LDCXX=/usr/bin/ld
lt_cv_path_NM='/usr/bin/nm -B'
lt_cv_path_mainfest_tool=no
lt_cv_prog_compiler_c_o=yes
lt_cv_prog_compiler_c_o_CXX=yes
lt_cv_prog_compiler_pic='-fPIC -DPIC'
lt_cv_prog_compiler_pic_CXX='-fPIC -DPIC'
lt_cv_prog_compiler_pic_works=yes
lt_cv_prog_compiler_pic_works_CXX=yes
lt_cv_prog_compiler_rtti_exceptions=no
lt_cv_prog_compiler_static_works=yes
lt_cv_prog_compiler_static_works_CXX=yes
lt_cv_prog_gnu_ld=yes
lt_cv_prog_gnu_ldcxx=yes
lt_cv_sharedlib_from_linklib_cmd='printf %s\n'
lt_cv_shlibpath_overrides_runpath=no
lt_cv_sys_global_symbol_pipe='sed -n -e '\''s/^.*[	 ]\([ABCDGIRSTW][ABCDGIRSTW]*\)[	 ][	 ]*\([_A-Za-z][_A-Za-z0-9]*\)$/\1 \2 \2/p'\'' | sed '\''/ __gnu_lto/d'\'''
lt_cv_sys_global_symbol_to_c_name_address='sed -n -e '\''s/^: \([^ ]*\)[ ]*$/  {\"\1\", (void *) 0},/p'\'' -e '\''s/^[ABCDGIRSTW]* \([^ ]*\) \([^ ]*\)$/  {"\2", (void *) \&\2},/p'\'''
lt_cv_sys_global_symbol_to_c_name_address_lib_prefix='sed -n -e '\''s/^: \([^ ]*\)[ ]*$/  {\"\1\", (void *) 0},/p'\'' -e '\''s/^[ABCDGIRSTW]* \([^ ]*\) \(lib[^ ]*\)$/  {"\2", (void *) \&\2},/p'\'' -e '\''s/^[ABCDGIRSTW]* \([^ ]*\) \([^ ]*\)$/  {"lib\2", (void *) \&\2},/p'\'''
lt_cv_sys_global_symbol_to_cdecl='sed -n -e '\''s/^T .* \(.*\)$/extern int \1();/p'\'' -e '\''s/^[ABCDGIRSTW]* .* \(.*\)$/extern char \1;/p'\'''
lt_cv_sys_max_cmd_len=1572864
lt_cv_to_host_file_cmd=func_convert_file_noop
lt_cv_to_tool_file_cmd=func_convert_file_noop

## ----------------- ##
## Output variables. ##
## ----------------- ##

ACLOCAL='${SHELL} "/home/pi/Documents/Network Midi/rtmidi-3.0.0/config/missing" aclocal-1.14'
AMDEPBACKSLASH='\'
AMDEP_FALSE='#'
AMDEP_TRUE=''
AMTAR='$${TAR-tar}'
AM_BACKSLASH='\'
AM_DEFAULT_V='$(AM_DEFAULT_VERBOSITY)'
AM_DEFAULT_VERBOSITY='1'
AM_V='$(V)'
AR='/usr/bin/ar'
AS='as'
AUTOCONF='${SHELL} "/home/pi/Documents/Network Midi/rtmidi-3.0.0/config/missing" autoconf'
AUTOHEADER='${SHELL} "/home/pi/Documents/Network Midi/rtmidi-3.0.0/config/missing" autoheader'
AUTOMAKE='${SHELL} "/home/pi/Documents/Network Midi/rtmidi-3.0.0/config/missing" automake-1.14'
AWK='mawk'
CC='gcc'
CCDEPMODE='depmode=gcc3'
CFLAGS='-g -O2'
CPP='gcc -E'
CPPFLAGS=' -D__RTMIDI_DEBUG__'
CXX='g++'
CXXCPP='g++ -E'
CXXDEPMODE='depmode=gcc3'
CXXFLAGS='-g -Wall -Wextra'
CYGPATH_W='echo'
DEFS=''
DEPDIR='.deps'
DLLTOOL='false'
DOXYGEN=''
DSYMUTIL=''
DUMPBIN=''
ECHO_C=''
ECHO_N='-n'
ECHO_T=''
EGREP='/bin/grep -E'
EXEEXT=''
FGREP='/bin/grep -F'
GREP='/bin/grep'
GXX='yes'
INSTALL_DATA='${INSTALL} -m 644'
INSTALL_PROGRAM='${INSTALL}'
INSTALL_SCRIPT='${INSTALL}'
INSTALL_STRIP_PROGRAM='$(install_sh) -c -s'
LD='/usr/bin/ld'
LDFLAGS=''
LIBOBJS=''
LIBS=''
LIBTOOL='$(SHELL) $(top_builddir)/libtool'
LIPO=''
LN_S='ln -s'
LTLIBOBJS=''
MAINT=''
MAINTAINER_MODE_FALSE='#'
MAINTAINER_MODE_TRUE=''
MAKEINFO='${SHELL} "/home/pi/Documents/Network Midi/rtmidi-3.0.0/config/missing" makeinfo'
MAKE_DOC_FALSE=''
MAKE_DOC_TRUE='#'
MANIFEST_TOOL=':'
MKDIR_P='/bin/mkdir -p'
NM='/usr/bin/nm -B'
NMEDIT=''
OBJDUMP='objdump'
OBJEXT='o'
OTOOL64=''
OTOOL=''
PACKAGE='rtmidi'
PACKAGE_BUGREPORT='gary@music.mcgill.ca'
PACKAGE_NAME='RtMidi'
PACKAGE_STRING='RtMidi 3.0.0'
PACKAGE_TARNAME='rtmidi'
PACKAGE_URL=''
PACKAGE_VERSION='3.0.0'
PATH_SEPARATOR=':'
RANLIB='ranlib'
SED='/bin/sed'
SET_MAKE=''
SHELL='/bin/bash'
SO_VERSION='4:0:0'
STRIP='strip'
VERSION='3.0.0'
ac_ct_AR='ar'
ac_ct_CC='gcc'
ac_ct_CXX='g++'
ac_ct_DUMPBIN=''
am__EXEEXT_FALSE=''
am__EXEEXT_TRUE=''
am__fastdepCC_FALSE='#'
am__fastdepCC_TRUE=''
am__fastdepCXX_FALSE='#'
am__fastdepCXX_TRUE=''
am__include='include'
am__isrc=''
am__leading_dot='.'
am__nodep='_no'
am__quote=''
am__tar='$${TAR-tar} chof - "$$tardir"'
am__untar='$${TAR-tar} xf -'
api='-D__LINUX_ALSA__'
bindir='${exec_prefix}/bin'
build='armv7l-unknown-linux-gnueabihf'
build_alias=''
build_cpu='armv7l'
build_os='linux-gnueabihf'
build_vendor='unknown'
cppflag='-D__RTMIDI_DEBUG__'
cxxflag='-Wall -Wextra'
datadir='${datarootdir}'
datarootdir='${prefix}/share'
docdir='${datarootdir}/doc/${PACKAGE_TARNAME}'
dvidir='${docdir}'
exec_prefix='NONE'
host='armv7l-unknown-linux-gnueabihf'
host_alias=''
host_cpu='armv7l'
host_os='linux-gnueabihf'
host_vendor='unknown'
htmldir='${docdir}'
includedir='${prefix}/include'
infodir='${datarootdir}/info'
install_sh='${SHELL} '\''/home/pi/Documents/Network Midi/rtmidi-3.0.0/config/install-sh'\'''
libdir='${exec_prefix}/lib'
libexecdir='${exec_prefix}/libexec'
localedir='${datarootdir}/locale'
localstatedir='${prefix}/var'
mandir='${datarootdir}/man'
mkdir_p='$(MKDIR_P)'
noinst_LIBRARIES=''
object_path='Debug'
oldincludedir='/usr/include'
pdfdir='${docdir}'
prefix='NONE'
program_transform_name='s,x,x,'
psdir='${docdir}'
req=' alsa'
sbindir='${exec_prefix}/sbin'
sharedstatedir='${prefix}/com'
sysconfdir='${prefix}/etc'
target_alias=''

## ----------- ##
## confdefs.h. ##
## ----------- ##

/* confdefs.h */
#define PACKAGE_NAME "RtMidi"
#define PACKAGE_TARNAME "rtmidi"
#define PACKAGE_VERSION "3.0.0"
#define PACKAGE_STRING "RtMidi 3.0.0"
#define PACKAGE_BUGREPORT "gary@music.mcgill.ca"
#define PACKAGE_URL ""
#define PACKAGE "rtmidi"
#define VERSION "3.0.0"
#define STDC_HEADERS 1
#define HAVE_SYS_TYPES_H 1
#define HAVE_SYS_STAT_H 1
#define HAVE_STDLIB_H 1
#define HAVE_STRING_H 1
#define HAVE_MEMORY_H 1
#define HAVE_STRINGS_H 1
#define HAVE_INTTYPES_H 1
#define HAVE_STDINT_H 1
#define HAVE_UNISTD_H 1
#define HAVE_DLFCN_H 1
#define LT_OBJDIR ".libs/"
#define STDC_HEADERS 1
#define HAVE_SEMAPHORE 1

configure: exit 1
